<?xml version="1.0" encoding="UTF-8"?>
<!-- Generated by org.testng.reporters.JUnitReportReporter -->
<testsuite hostname="TYC1121225" failures="0" tests="1" name="lead_module_Test.CreateLeadTest" time="11.705" errors="0" timestamp="2023-02-17T14:48:11 IST" skipped="0">
  <testcase classname="lead_module_Test.CreateLeadTest" name="toCreateALeadAndToVerifyTheLead" time="11.705"/>
  <system-out/>
</testsuite> <!-- lead_module_Test.CreateLeadTest -->
