<?xml version="1.0" encoding="UTF-8"?>
<!-- Generated by org.testng.reporters.JUnitReportReporter -->
<testsuite hostname="TYC1121225" failures="0" tests="1" name="products_module_Test.CreateProductByVendorDetailsTest" time="19.176" errors="0" timestamp="2023-02-17T14:48:11 IST" skipped="0">
  <testcase classname="products_module_Test.CreateProductByVendorDetailsTest" name="createProductByVendorDetailsTest" time="19.176"/>
  <system-out/>
</testsuite> <!-- products_module_Test.CreateProductByVendorDetailsTest -->
